# JRE version: Java(TM) SE Runtime Environment (8.0_111-b14) (build 1.8.0_111-b14)
# Java VM: Java HotSpot(TM) 64-Bit Server VM (25.111-b14 mixed mode linux-amd64 compressed oops)
Heap:
 def new generation   total 7488K, used 0K [0x00000000e8c00000, 0x00000000e9410000, 0x00000000f0800000)
  eden space 6720K,   0% used [0x00000000e8c00000, 0x00000000e8c00000, 0x00000000e9290000)
  from space 768K,   0% used [0x00000000e9290000, 0x00000000e9290000, 0x00000000e9350000)
  to   space 768K,   0% used [0x00000000e9350000, 0x00000000e9350000, 0x00000000e9410000)
 tenured generation   total 16384K, used 5683K [0x00000000f0800000, 0x00000000f1800000, 0x0000000100000000)
   the space 16384K,  34% used [0x00000000f0800000, 0x00000000f0d8cf68, 0x00000000f0d8d000, 0x00000000f1800000)
 Metaspace       used 21536K, capacity 21692K, committed 21888K, reserved 1069056K
  class space    used 2527K, capacity 2578K, committed 2688K, reserved 1048576K
GC Heap History (10 events):
Event: 9.022 GC heap before
{Heap before GC invocations=23 (full 0):
 def new generation   total 7424K, used 7403K [0x00000000e8c00000, 0x00000000e9400000, 0x00000000f0800000)
  eden space 6656K, 100% used [0x00000000e8c00000, 0x00000000e9280000, 0x00000000e9280000)
  from space 768K,  97% used [0x00000000e9340000, 0x00000000e93fad08, 0x00000000e9400000)
  to   space 768K,   0% used [0x00000000e9280000, 0x00000000e9280000, 0x00000000e9340000)
 tenured generation   total 16384K, used 7930K [0x00000000f0800000, 0x00000000f1800000, 0x0000000100000000)
   the space 16384K,  48% used [0x00000000f0800000, 0x00000000f0fbe808, 0x00000000f0fbea00, 0x00000000f1800000)
 Metaspace       used 20694K, capacity 20988K, committed 21248K, reserved 1069056K
  class space    used 2418K, capacity 2514K, committed 2560K, reserved 1048576K
Event: 9.024 GC heap after
Heap after GC invocations=24 (full 0):
 def new generation   total 7424K, used 454K [0x00000000e8c00000, 0x00000000e9400000, 0x00000000f0800000)
  eden space 6656K,   0% used [0x00000000e8c00000, 0x00000000e8c00000, 0x00000000e9280000)
  from space 768K,  59% used [0x00000000e9280000, 0x00000000e92f1bd8, 0x00000000e9340000)
  to   space 768K,   0% used [0x00000000e9340000, 0x00000000e9340000, 0x00000000e9400000)
 tenured generation   total 16384K, used 8043K [0x00000000f0800000, 0x00000000f1800000, 0x0000000100000000)
   the space 16384K,  49% used [0x00000000f0800000, 0x00000000f0fdade8, 0x00000000f0fdae00, 0x00000000f1800000)
 Metaspace       used 20694K, capacity 20988K, committed 21248K, reserved 1069056K
  class space    used 2418K, capacity 2514K, committed 2560K, reserved 1048576K
}
Event: 9.079 GC heap before
{Heap before GC invocations=24 (full 0):
 def new generation   total 7424K, used 7110K [0x00000000e8c00000, 0x00000000e9400000, 0x00000000f0800000)
  eden space 6656K, 100% used [0x00000000e8c00000, 0x00000000e9280000, 0x00000000e9280000)
  from space 768K,  59% used [0x00000000e9280000, 0x00000000e92f1bd8, 0x00000000e9340000)
  to   space 768K,   0% used [0x00000000e9340000, 0x00000000e9340000, 0x00000000e9400000)
 tenured generation   total 16384K, used 8043K [0x00000000f0800000, 0x00000000f1800000, 0x0000000100000000)
   the space 16384K,  49% used [0x00000000f0800000, 0x00000000f0fdade8, 0x00000000f0fdae00, 0x00000000f1800000)
 Metaspace       used 20705K, capacity 20988K, committed 21248K, reserved 1069056K
  class space    used 2418K, capacity 2514K, committed 2560K, reserved 1048576K
Event: 9.081 GC heap after
Heap after GC invocations=25 (full 0):
 def new generation   total 7424K, used 562K [0x00000000e8c00000, 0x00000000e9400000, 0x00000000f0800000)
  eden space 6656K,   0% used [0x00000000e8c00000, 0x00000000e8c00000, 0x00000000e9280000)
  from space 768K,  73% used [0x00000000e9340000, 0x00000000e93cc998, 0x00000000e9400000)
  to   space 768K,   0% used [0x00000000e9280000, 0x00000000e9280000, 0x00000000e9340000)
 tenured generation   total 16384K, used 8114K [0x00000000f0800000, 0x00000000f1800000, 0x0000000100000000)
   the space 16384K,  49% used [0x00000000f0800000, 0x00000000f0fec8d8, 0x00000000f0feca00, 0x00000000f1800000)
 Metaspace       used 20705K, capacity 20988K, committed 21248K, reserved 1069056K
  class space    used 2418K, capacity 2514K, committed 2560K, reserved 1048576K
}
Event: 9.293 GC heap before
{Heap before GC invocations=25 (full 0):
 def new generation   total 7424K, used 6146K [0x00000000e8c00000, 0x00000000e9400000, 0x00000000f0800000)
  eden space 6656K,  83% used [0x00000000e8c00000, 0x00000000e9173e90, 0x00000000e9280000)
  from space 768K,  73% used [0x00000000e9340000, 0x00000000e93cc998, 0x00000000e9400000)
  to   space 768K,   0% used [0x00000000e9280000, 0x00000000e9280000, 0x00000000e9340000)
 tenured generation   total 16384K, used 8114K [0x00000000f0800000, 0x00000000f1800000, 0x0000000100000000)
   the space 16384K,  49% used [0x00000000f0800000, 0x00000000f0fec8d8, 0x00000000f0feca00, 0x00000000f1800000)
 Metaspace       used 20944K, capacity 21148K, committed 21248K, reserved 1069056K
  class space    used 2449K, capacity 2546K, committed 2560K, reserved 1048576K
Event: 9.353 GC heap after
Heap after GC invocations=26 (full 1):
 def new generation   total 7488K, used 0K [0x00000000e8c00000, 0x00000000e9410000, 0x00000000f0800000)
  eden space 6720K,   0% used [0x00000000e8c00000, 0x00000000e8c00000, 0x00000000e9290000)
  from space 768K,   0% used [0x00000000e9290000, 0x00000000e9290000, 0x00000000e9350000)
  to   space 768K,   0% used [0x00000000e9350000, 0x00000000e9350000, 0x00000000e9410000)
 tenured generation   total 16384K, used 7235K [0x00000000f0800000, 0x00000000f1800000, 0x0000000100000000)
   the space 16384K,  44% used [0x00000000f0800000, 0x00000000f0f10c20, 0x00000000f0f10e00, 0x00000000f1800000)
 Metaspace       used 20944K, capacity 21148K, committed 21248K, reserved 1069056K
  class space    used 2449K, capacity 2546K, committed 2560K, reserved 1048576K
}
Event: 9.479 GC heap before
{Heap before GC invocations=26 (full 1):
 def new generation   total 7488K, used 6720K [0x00000000e8c00000, 0x00000000e9410000, 0x00000000f0800000)
  eden space 6720K, 100% used [0x00000000e8c00000, 0x00000000e9290000, 0x00000000e9290000)
  from space 768K,   0% used [0x00000000e9290000, 0x00000000e9290000, 0x00000000e9350000)
  to   space 768K,   0% used [0x00000000e9350000, 0x00000000e9350000, 0x00000000e9410000)
 tenured generation   total 16384K, used 7235K [0x00000000f0800000, 0x00000000f1800000, 0x0000000100000000)
   the space 16384K,  44% used [0x00000000f0800000, 0x00000000f0f10c20, 0x00000000f0f10e00, 0x00000000f1800000)
 Metaspace       used 21266K, capacity 21564K, committed 21888K, reserved 1069056K
  class space    used 2494K, capacity 2578K, committed 2688K, reserved 1048576K
Event: 9.480 GC heap after
Heap after GC invocations=27 (full 1):
 def new generation   total 7488K, used 427K [0x00000000e8c00000, 0x00000000e9410000, 0x00000000f0800000)
  eden space 6720K,   0% used [0x00000000e8c00000, 0x00000000e8c00000, 0x00000000e9290000)
  from space 768K,  55% used [0x00000000e9350000, 0x00000000e93bac90, 0x00000000e9410000)
  to   space 768K,   0% used [0x00000000e9290000, 0x00000000e9290000, 0x00000000e9350000)
 tenured generation   total 16384K, used 7235K [0x00000000f0800000, 0x00000000f1800000, 0x0000000100000000)
   the space 16384K,  44% used [0x00000000f0800000, 0x00000000f0f10c20, 0x00000000f0f10e00, 0x00000000f1800000)
 Metaspace       used 21266K, capacity 21564K, committed 21888K, reserved 1069056K
  class space    used 2494K, capacity 2578K, committed 2688K, reserved 1048576K
}
Event: 9.692 GC heap before
{Heap before GC invocations=27 (full 1):
 def new generation   total 7488K, used 3986K [0x00000000e8c00000, 0x00000000e9410000, 0x00000000f0800000)
  eden space 6720K,  52% used [0x00000000e8c00000, 0x00000000e8f79c10, 0x00000000e9290000)
  from space 768K,  55% used [0x00000000e9350000, 0x00000000e93bac90, 0x00000000e9410000)
  to   space 768K,   0% used [0x00000000e9290000, 0x00000000e9290000, 0x00000000e9350000)
 tenured generation   total 16384K, used 7235K [0x00000000f0800000, 0x00000000f1800000, 0x0000000100000000)
   the space 16384K,  44% used [0x00000000f0800000, 0x00000000f0f10c20, 0x00000000f0f10e00, 0x00000000f1800000)
 Metaspace       used 21536K, capacity 21692K, committed 21888K, reserved 1069056K
  class space    used 2527K, capacity 2578K, committed 2688K, reserved 1048576K
Event: 9.714 GC heap after
Heap after GC invocations=28 (full 2):
 def new generation   total 7488K, used 0K [0x00000000e8c00000, 0x00000000e9410000, 0x00000000f0800000)
  eden space 6720K,   0% used [0x00000000e8c00000, 0x00000000e8c00000, 0x00000000e9290000)
  from space 768K,   0% used [0x00000000e9290000, 0x00000000e9290000, 0x00000000e9350000)
  to   space 768K,   0% used [0x00000000e9350000, 0x00000000e9350000, 0x00000000e9410000)
 tenured generation   total 16384K, used 5683K [0x00000000f0800000, 0x00000000f1800000, 0x0000000100000000)
   the space 16384K,  34% used [0x00000000f0800000, 0x00000000f0d8cf68, 0x00000000f0d8d000, 0x00000000f1800000)
 Metaspace       used 21536K, capacity 21692K, committed 21888K, reserved 1069056K
  class space    used 2527K, capacity 2578K, committed 2688K, reserved 1048576K
}

