# JRE version: Java(TM) SE Runtime Environment (8.0_111-b14) (build 1.8.0_111-b14)
# Java VM: Java HotSpot(TM) 64-Bit Server VM (25.111-b14 mixed mode linux-amd64 compressed oops)
Heap:
 def new generation   total 7488K, used 0K [0x00000000e8c00000, 0x00000000e9410000, 0x00000000f0800000)
  eden space 6720K,   0% used [0x00000000e8c00000, 0x00000000e8c00000, 0x00000000e9290000)
  from space 768K,   0% used [0x00000000e9290000, 0x00000000e9290000, 0x00000000e9350000)
  to   space 768K,   0% used [0x00000000e9350000, 0x00000000e9350000, 0x00000000e9410000)
 tenured generation   total 16384K, used 5719K [0x00000000f0800000, 0x00000000f1800000, 0x0000000100000000)
   the space 16384K,  34% used [0x00000000f0800000, 0x00000000f0d95ef8, 0x00000000f0d96000, 0x00000000f1800000)
 Metaspace       used 21595K, capacity 21856K, committed 22144K, reserved 1069056K
  class space    used 2536K, capacity 2610K, committed 2688K, reserved 1048576K
GC Heap History (10 events):
Event: 12.559 GC heap before
{Heap before GC invocations=23 (full 0):
 def new generation   total 7424K, used 7373K [0x00000000e8c00000, 0x00000000e9400000, 0x00000000f0800000)
  eden space 6656K, 100% used [0x00000000e8c00000, 0x00000000e9280000, 0x00000000e9280000)
  from space 768K,  93% used [0x00000000e9340000, 0x00000000e93f3418, 0x00000000e9400000)
  to   space 768K,   0% used [0x00000000e9280000, 0x00000000e9280000, 0x00000000e9340000)
 tenured generation   total 16384K, used 7773K [0x00000000f0800000, 0x00000000f1800000, 0x0000000100000000)
   the space 16384K,  47% used [0x00000000f0800000, 0x00000000f0f974d8, 0x00000000f0f97600, 0x00000000f1800000)
 Metaspace       used 20696K, capacity 20992K, committed 21248K, reserved 1069056K
  class space    used 2420K, capacity 2514K, committed 2560K, reserved 1048576K
Event: 12.561 GC heap after
Heap after GC invocations=24 (full 0):
 def new generation   total 7424K, used 489K [0x00000000e8c00000, 0x00000000e9400000, 0x00000000f0800000)
  eden space 6656K,   0% used [0x00000000e8c00000, 0x00000000e8c00000, 0x00000000e9280000)
  from space 768K,  63% used [0x00000000e9280000, 0x00000000e92fa4f0, 0x00000000e9340000)
  to   space 768K,   0% used [0x00000000e9340000, 0x00000000e9340000, 0x00000000e9400000)
 tenured generation   total 16384K, used 7882K [0x00000000f0800000, 0x00000000f1800000, 0x0000000100000000)
   the space 16384K,  48% used [0x00000000f0800000, 0x00000000f0fb2b00, 0x00000000f0fb2c00, 0x00000000f1800000)
 Metaspace       used 20696K, capacity 20992K, committed 21248K, reserved 1069056K
  class space    used 2420K, capacity 2514K, committed 2560K, reserved 1048576K
}
Event: 12.722 GC heap before
{Heap before GC invocations=24 (full 0):
 def new generation   total 7424K, used 7142K [0x00000000e8c00000, 0x00000000e9400000, 0x00000000f0800000)
  eden space 6656K,  99% used [0x00000000e8c00000, 0x00000000e927f6a0, 0x00000000e9280000)
  from space 768K,  63% used [0x00000000e9280000, 0x00000000e92fa4f0, 0x00000000e9340000)
  to   space 768K,   0% used [0x00000000e9340000, 0x00000000e9340000, 0x00000000e9400000)
 tenured generation   total 16384K, used 7882K [0x00000000f0800000, 0x00000000f1800000, 0x0000000100000000)
   the space 16384K,  48% used [0x00000000f0800000, 0x00000000f0fb2b00, 0x00000000f0fb2c00, 0x00000000f1800000)
 Metaspace       used 20732K, capacity 20992K, committed 21248K, reserved 1069056K
  class space    used 2422K, capacity 2514K, committed 2560K, reserved 1048576K
Event: 12.724 GC heap after
Heap after GC invocations=25 (full 0):
 def new generation   total 7424K, used 382K [0x00000000e8c00000, 0x00000000e9400000, 0x00000000f0800000)
  eden space 6656K,   0% used [0x00000000e8c00000, 0x00000000e8c00000, 0x00000000e9280000)
  from space 768K,  49% used [0x00000000e9340000, 0x00000000e939fa98, 0x00000000e9400000)
  to   space 768K,   0% used [0x00000000e9280000, 0x00000000e9280000, 0x00000000e9340000)
 tenured generation   total 16384K, used 8006K [0x00000000f0800000, 0x00000000f1800000, 0x0000000100000000)
   the space 16384K,  48% used [0x00000000f0800000, 0x00000000f0fd1b20, 0x00000000f0fd1c00, 0x00000000f1800000)
 Metaspace       used 20732K, capacity 20992K, committed 21248K, reserved 1069056K
  class space    used 2422K, capacity 2514K, committed 2560K, reserved 1048576K
}
Event: 13.455 GC heap before
{Heap before GC invocations=25 (full 0):
 def new generation   total 7424K, used 6262K [0x00000000e8c00000, 0x00000000e9400000, 0x00000000f0800000)
  eden space 6656K,  88% used [0x00000000e8c00000, 0x00000000e91bdea8, 0x00000000e9280000)
  from space 768K,  49% used [0x00000000e9340000, 0x00000000e939fa98, 0x00000000e9400000)
  to   space 768K,   0% used [0x00000000e9280000, 0x00000000e9280000, 0x00000000e9340000)
 tenured generation   total 16384K, used 8006K [0x00000000f0800000, 0x00000000f1800000, 0x0000000100000000)
   the space 16384K,  48% used [0x00000000f0800000, 0x00000000f0fd1b20, 0x00000000f0fd1c00, 0x00000000f1800000)
 Metaspace       used 20956K, capacity 21152K, committed 21248K, reserved 1069056K
  class space    used 2452K, capacity 2546K, committed 2560K, reserved 1048576K
Event: 13.547 GC heap after
Heap after GC invocations=26 (full 1):
 def new generation   total 7488K, used 0K [0x00000000e8c00000, 0x00000000e9410000, 0x00000000f0800000)
  eden space 6720K,   0% used [0x00000000e8c00000, 0x00000000e8c00000, 0x00000000e9290000)
  from space 768K,   0% used [0x00000000e9290000, 0x00000000e9290000, 0x00000000e9350000)
  to   space 768K,   0% used [0x00000000e9350000, 0x00000000e9350000, 0x00000000e9410000)
 tenured generation   total 16384K, used 7256K [0x00000000f0800000, 0x00000000f1800000, 0x0000000100000000)
   the space 16384K,  44% used [0x00000000f0800000, 0x00000000f0f16298, 0x00000000f0f16400, 0x00000000f1800000)
 Metaspace       used 20956K, capacity 21152K, committed 21248K, reserved 1069056K
  class space    used 2452K, capacity 2546K, committed 2560K, reserved 1048576K
}
Event: 13.943 GC heap before
{Heap before GC invocations=26 (full 1):
 def new generation   total 7488K, used 6720K [0x00000000e8c00000, 0x00000000e9410000, 0x00000000f0800000)
  eden space 6720K, 100% used [0x00000000e8c00000, 0x00000000e9290000, 0x00000000e9290000)
  from space 768K,   0% used [0x00000000e9290000, 0x00000000e9290000, 0x00000000e9350000)
  to   space 768K,   0% used [0x00000000e9350000, 0x00000000e9350000, 0x00000000e9410000)
 tenured generation   total 16384K, used 7256K [0x00000000f0800000, 0x00000000f1800000, 0x0000000100000000)
   the space 16384K,  44% used [0x00000000f0800000, 0x00000000f0f16298, 0x00000000f0f16400, 0x00000000f1800000)
 Metaspace       used 21289K, capacity 21504K, committed 21888K, reserved 1069056K
  class space    used 2498K, capacity 2578K, committed 2688K, reserved 1048576K
Event: 13.949 GC heap after
Heap after GC invocations=27 (full 1):
 def new generation   total 7488K, used 411K [0x00000000e8c00000, 0x00000000e9410000, 0x00000000f0800000)
  eden space 6720K,   0% used [0x00000000e8c00000, 0x00000000e8c00000, 0x00000000e9290000)
  from space 768K,  53% used [0x00000000e9350000, 0x00000000e93b6df0, 0x00000000e9410000)
  to   space 768K,   0% used [0x00000000e9290000, 0x00000000e9290000, 0x00000000e9350000)
 tenured generation   total 16384K, used 7256K [0x00000000f0800000, 0x00000000f1800000, 0x0000000100000000)
   the space 16384K,  44% used [0x00000000f0800000, 0x00000000f0f16298, 0x00000000f0f16400, 0x00000000f1800000)
 Metaspace       used 21289K, capacity 21504K, committed 21888K, reserved 1069056K
  class space    used 2498K, capacity 2578K, committed 2688K, reserved 1048576K
}
Event: 14.374 GC heap before
{Heap before GC invocations=27 (full 1):
 def new generation   total 7488K, used 4193K [0x00000000e8c00000, 0x00000000e9410000, 0x00000000f0800000)
  eden space 6720K,  56% used [0x00000000e8c00000, 0x00000000e8fb19b0, 0x00000000e9290000)
  from space 768K,  53% used [0x00000000e9350000, 0x00000000e93b6df0, 0x00000000e9410000)
  to   space 768K,   0% used [0x00000000e9290000, 0x00000000e9290000, 0x00000000e9350000)
 tenured generation   total 16384K, used 7256K [0x00000000f0800000, 0x00000000f1800000, 0x0000000100000000)
   the space 16384K,  44% used [0x00000000f0800000, 0x00000000f0f16298, 0x00000000f0f16400, 0x00000000f1800000)
 Metaspace       used 21595K, capacity 21856K, committed 22144K, reserved 1069056K
  class space    used 2536K, capacity 2610K, committed 2688K, reserved 1048576K
Event: 14.425 GC heap after
Heap after GC invocations=28 (full 2):
 def new generation   total 7488K, used 0K [0x00000000e8c00000, 0x00000000e9410000, 0x00000000f0800000)
  eden space 6720K,   0% used [0x00000000e8c00000, 0x00000000e8c00000, 0x00000000e9290000)
  from space 768K,   0% used [0x00000000e9290000, 0x00000000e9290000, 0x00000000e9350000)
  to   space 768K,   0% used [0x00000000e9350000, 0x00000000e9350000, 0x00000000e9410000)
 tenured generation   total 16384K, used 5719K [0x00000000f0800000, 0x00000000f1800000, 0x0000000100000000)
   the space 16384K,  34% used [0x00000000f0800000, 0x00000000f0d95ef8, 0x00000000f0d96000, 0x00000000f1800000)
 Metaspace       used 21595K, capacity 21856K, committed 22144K, reserved 1069056K
  class space    used 2536K, capacity 2610K, committed 2688K, reserved 1048576K
}

