# JRE version: Java(TM) SE Runtime Environment (8.0_111-b14) (build 1.8.0_111-b14)
# Java VM: Java HotSpot(TM) 64-Bit Server VM (25.111-b14 mixed mode linux-amd64 compressed oops)
Heap:
 def new generation   total 7488K, used 0K [0x00000000e8c00000, 0x00000000e9410000, 0x00000000f0800000)
  eden space 6720K,   0% used [0x00000000e8c00000, 0x00000000e8c00000, 0x00000000e9290000)
  from space 768K,   0% used [0x00000000e9290000, 0x00000000e9290000, 0x00000000e9350000)
  to   space 768K,   0% used [0x00000000e9350000, 0x00000000e9350000, 0x00000000e9410000)
 tenured generation   total 16384K, used 5744K [0x00000000f0800000, 0x00000000f1800000, 0x0000000100000000)
   the space 16384K,  35% used [0x00000000f0800000, 0x00000000f0d9c048, 0x00000000f0d9c200, 0x00000000f1800000)
 Metaspace       used 21563K, capacity 21760K, committed 22144K, reserved 1069056K
  class space    used 2525K, capacity 2578K, committed 2688K, reserved 1048576K
GC Heap History (10 events):
Event: 11.992 GC heap before
{Heap before GC invocations=23 (full 0):
 def new generation   total 7424K, used 7423K [0x00000000e8c00000, 0x00000000e9400000, 0x00000000f0800000)
  eden space 6656K, 100% used [0x00000000e8c00000, 0x00000000e9280000, 0x00000000e9280000)
  from space 768K,  99% used [0x00000000e9340000, 0x00000000e93fffc8, 0x00000000e9400000)
  to   space 768K,   0% used [0x00000000e9280000, 0x00000000e9280000, 0x00000000e9340000)
 tenured generation   total 16384K, used 7811K [0x00000000f0800000, 0x00000000f1800000, 0x0000000100000000)
   the space 16384K,  47% used [0x00000000f0800000, 0x00000000f0fa0f98, 0x00000000f0fa1000, 0x00000000f1800000)
 Metaspace       used 20673K, capacity 20928K, committed 21248K, reserved 1069056K
  class space    used 2412K, capacity 2514K, committed 2560K, reserved 1048576K
Event: 11.997 GC heap after
Heap after GC invocations=24 (full 0):
 def new generation   total 7424K, used 497K [0x00000000e8c00000, 0x00000000e9400000, 0x00000000f0800000)
  eden space 6656K,   0% used [0x00000000e8c00000, 0x00000000e8c00000, 0x00000000e9280000)
  from space 768K,  64% used [0x00000000e9280000, 0x00000000e92fc440, 0x00000000e9340000)
  to   space 768K,   0% used [0x00000000e9340000, 0x00000000e9340000, 0x00000000e9400000)
 tenured generation   total 16384K, used 7919K [0x00000000f0800000, 0x00000000f1800000, 0x0000000100000000)
   the space 16384K,  48% used [0x00000000f0800000, 0x00000000f0fbbca0, 0x00000000f0fbbe00, 0x00000000f1800000)
 Metaspace       used 20673K, capacity 20928K, committed 21248K, reserved 1069056K
  class space    used 2412K, capacity 2514K, committed 2560K, reserved 1048576K
}
Event: 12.047 GC heap before
{Heap before GC invocations=24 (full 0):
 def new generation   total 7424K, used 7153K [0x00000000e8c00000, 0x00000000e9400000, 0x00000000f0800000)
  eden space 6656K, 100% used [0x00000000e8c00000, 0x00000000e9280000, 0x00000000e9280000)
  from space 768K,  64% used [0x00000000e9280000, 0x00000000e92fc440, 0x00000000e9340000)
  to   space 768K,   0% used [0x00000000e9340000, 0x00000000e9340000, 0x00000000e9400000)
 tenured generation   total 16384K, used 7919K [0x00000000f0800000, 0x00000000f1800000, 0x0000000100000000)
   the space 16384K,  48% used [0x00000000f0800000, 0x00000000f0fbbca0, 0x00000000f0fbbe00, 0x00000000f1800000)
 Metaspace       used 20689K, capacity 20928K, committed 21248K, reserved 1069056K
  class space    used 2412K, capacity 2514K, committed 2560K, reserved 1048576K
Event: 12.049 GC heap after
Heap after GC invocations=25 (full 0):
 def new generation   total 7424K, used 506K [0x00000000e8c00000, 0x00000000e9400000, 0x00000000f0800000)
  eden space 6656K,   0% used [0x00000000e8c00000, 0x00000000e8c00000, 0x00000000e9280000)
  from space 768K,  65% used [0x00000000e9340000, 0x00000000e93be918, 0x00000000e9400000)
  to   space 768K,   0% used [0x00000000e9280000, 0x00000000e9280000, 0x00000000e9340000)
 tenured generation   total 16384K, used 8039K [0x00000000f0800000, 0x00000000f1800000, 0x0000000100000000)
   the space 16384K,  49% used [0x00000000f0800000, 0x00000000f0fd9da0, 0x00000000f0fd9e00, 0x00000000f1800000)
 Metaspace       used 20689K, capacity 20928K, committed 21248K, reserved 1069056K
  class space    used 2412K, capacity 2514K, committed 2560K, reserved 1048576K
}
Event: 12.138 GC heap before
{Heap before GC invocations=25 (full 0):
 def new generation   total 7424K, used 5633K [0x00000000e8c00000, 0x00000000e9400000, 0x00000000f0800000)
  eden space 6656K,  77% used [0x00000000e8c00000, 0x00000000e9101bd8, 0x00000000e9280000)
  from space 768K,  65% used [0x00000000e9340000, 0x00000000e93be918, 0x00000000e9400000)
  to   space 768K,   0% used [0x00000000e9280000, 0x00000000e9280000, 0x00000000e9340000)
 tenured generation   total 16384K, used 8039K [0x00000000f0800000, 0x00000000f1800000, 0x0000000100000000)
   the space 16384K,  49% used [0x00000000f0800000, 0x00000000f0fd9da0, 0x00000000f0fd9e00, 0x00000000f1800000)
 Metaspace       used 20889K, capacity 21120K, committed 21248K, reserved 1069056K
  class space    used 2437K, capacity 2514K, committed 2560K, reserved 1048576K
Event: 12.197 GC heap after
Heap after GC invocations=26 (full 1):
 def new generation   total 7488K, used 0K [0x00000000e8c00000, 0x00000000e9410000, 0x00000000f0800000)
  eden space 6720K,   0% used [0x00000000e8c00000, 0x00000000e8c00000, 0x00000000e9290000)
  from space 768K,   0% used [0x00000000e9290000, 0x00000000e9290000, 0x00000000e9350000)
  to   space 768K,   0% used [0x00000000e9350000, 0x00000000e9350000, 0x00000000e9410000)
 tenured generation   total 16384K, used 7129K [0x00000000f0800000, 0x00000000f1800000, 0x0000000100000000)
   the space 16384K,  43% used [0x00000000f0800000, 0x00000000f0ef6528, 0x00000000f0ef6600, 0x00000000f1800000)
 Metaspace       used 20889K, capacity 21120K, committed 21248K, reserved 1069056K
  class space    used 2437K, capacity 2514K, committed 2560K, reserved 1048576K
}
Event: 12.632 GC heap before
{Heap before GC invocations=26 (full 1):
 def new generation   total 7488K, used 6720K [0x00000000e8c00000, 0x00000000e9410000, 0x00000000f0800000)
  eden space 6720K, 100% used [0x00000000e8c00000, 0x00000000e9290000, 0x00000000e9290000)
  from space 768K,   0% used [0x00000000e9290000, 0x00000000e9290000, 0x00000000e9350000)
  to   space 768K,   0% used [0x00000000e9350000, 0x00000000e9350000, 0x00000000e9410000)
 tenured generation   total 16384K, used 7129K [0x00000000f0800000, 0x00000000f1800000, 0x0000000100000000)
   the space 16384K,  43% used [0x00000000f0800000, 0x00000000f0ef6528, 0x00000000f0ef6600, 0x00000000f1800000)
 Metaspace       used 21183K, capacity 21408K, committed 21504K, reserved 1069056K
  class space    used 2477K, capacity 2546K, committed 2560K, reserved 1048576K
Event: 12.633 GC heap after
Heap after GC invocations=27 (full 1):
 def new generation   total 7488K, used 436K [0x00000000e8c00000, 0x00000000e9410000, 0x00000000f0800000)
  eden space 6720K,   0% used [0x00000000e8c00000, 0x00000000e8c00000, 0x00000000e9290000)
  from space 768K,  56% used [0x00000000e9350000, 0x00000000e93bd150, 0x00000000e9410000)
  to   space 768K,   0% used [0x00000000e9290000, 0x00000000e9290000, 0x00000000e9350000)
 tenured generation   total 16384K, used 7129K [0x00000000f0800000, 0x00000000f1800000, 0x0000000100000000)
   the space 16384K,  43% used [0x00000000f0800000, 0x00000000f0ef6528, 0x00000000f0ef6600, 0x00000000f1800000)
 Metaspace       used 21183K, capacity 21408K, committed 21504K, reserved 1069056K
  class space    used 2477K, capacity 2546K, committed 2560K, reserved 1048576K
}
Event: 13.242 GC heap before
{Heap before GC invocations=27 (full 1):
 def new generation   total 7488K, used 4732K [0x00000000e8c00000, 0x00000000e9410000, 0x00000000f0800000)
  eden space 6720K,  63% used [0x00000000e8c00000, 0x00000000e9031ff8, 0x00000000e9290000)
  from space 768K,  56% used [0x00000000e9350000, 0x00000000e93bd150, 0x00000000e9410000)
  to   space 768K,   0% used [0x00000000e9290000, 0x00000000e9290000, 0x00000000e9350000)
 tenured generation   total 16384K, used 7129K [0x00000000f0800000, 0x00000000f1800000, 0x0000000100000000)
   the space 16384K,  43% used [0x00000000f0800000, 0x00000000f0ef6528, 0x00000000f0ef6600, 0x00000000f1800000)
 Metaspace       used 21563K, capacity 21760K, committed 22144K, reserved 1069056K
  class space    used 2525K, capacity 2578K, committed 2688K, reserved 1048576K
Event: 13.273 GC heap after
Heap after GC invocations=28 (full 2):
 def new generation   total 7488K, used 0K [0x00000000e8c00000, 0x00000000e9410000, 0x00000000f0800000)
  eden space 6720K,   0% used [0x00000000e8c00000, 0x00000000e8c00000, 0x00000000e9290000)
  from space 768K,   0% used [0x00000000e9290000, 0x00000000e9290000, 0x00000000e9350000)
  to   space 768K,   0% used [0x00000000e9350000, 0x00000000e9350000, 0x00000000e9410000)
 tenured generation   total 16384K, used 5744K [0x00000000f0800000, 0x00000000f1800000, 0x0000000100000000)
   the space 16384K,  35% used [0x00000000f0800000, 0x00000000f0d9c048, 0x00000000f0d9c200, 0x00000000f1800000)
 Metaspace       used 21563K, capacity 21760K, committed 22144K, reserved 1069056K
  class space    used 2525K, capacity 2578K, committed 2688K, reserved 1048576K
}

