# JRE version: Java(TM) SE Runtime Environment (8.0_111-b14) (build 1.8.0_111-b14)
# Java VM: Java HotSpot(TM) 64-Bit Server VM (25.111-b14 mixed mode linux-amd64 compressed oops)
Heap:
 def new generation   total 7488K, used 0K [0x00000000e8c00000, 0x00000000e9410000, 0x00000000f0800000)
  eden space 6720K,   0% used [0x00000000e8c00000, 0x00000000e8c00000, 0x00000000e9290000)
  from space 768K,   0% used [0x00000000e9290000, 0x00000000e9290000, 0x00000000e9350000)
  to   space 768K,   0% used [0x00000000e9350000, 0x00000000e9350000, 0x00000000e9410000)
 tenured generation   total 16384K, used 5744K [0x00000000f0800000, 0x00000000f1800000, 0x0000000100000000)
   the space 16384K,  35% used [0x00000000f0800000, 0x00000000f0d9c218, 0x00000000f0d9c400, 0x00000000f1800000)
 Metaspace       used 21570K, capacity 21760K, committed 22144K, reserved 1069056K
  class space    used 2530K, capacity 2578K, committed 2688K, reserved 1048576K
GC Heap History (10 events):
Event: 14.099 GC heap before
{Heap before GC invocations=23 (full 0):
 def new generation   total 7424K, used 7421K [0x00000000e8c00000, 0x00000000e9400000, 0x00000000f0800000)
  eden space 6656K, 100% used [0x00000000e8c00000, 0x00000000e9280000, 0x00000000e9280000)
  from space 768K,  99% used [0x00000000e9340000, 0x00000000e93ff6a8, 0x00000000e9400000)
  to   space 768K,   0% used [0x00000000e9280000, 0x00000000e9280000, 0x00000000e9340000)
 tenured generation   total 16384K, used 7757K [0x00000000f0800000, 0x00000000f1800000, 0x0000000100000000)
   the space 16384K,  47% used [0x00000000f0800000, 0x00000000f0f93428, 0x00000000f0f93600, 0x00000000f1800000)
 Metaspace       used 20669K, capacity 20928K, committed 21248K, reserved 1069056K
  class space    used 2414K, capacity 2514K, committed 2560K, reserved 1048576K
Event: 14.102 GC heap after
Heap after GC invocations=24 (full 0):
 def new generation   total 7424K, used 489K [0x00000000e8c00000, 0x00000000e9400000, 0x00000000f0800000)
  eden space 6656K,   0% used [0x00000000e8c00000, 0x00000000e8c00000, 0x00000000e9280000)
  from space 768K,  63% used [0x00000000e9280000, 0x00000000e92fa678, 0x00000000e9340000)
  to   space 768K,   0% used [0x00000000e9340000, 0x00000000e9340000, 0x00000000e9400000)
 tenured generation   total 16384K, used 7865K [0x00000000f0800000, 0x00000000f1800000, 0x0000000100000000)
   the space 16384K,  48% used [0x00000000f0800000, 0x00000000f0fae4a8, 0x00000000f0fae600, 0x00000000f1800000)
 Metaspace       used 20669K, capacity 20928K, committed 21248K, reserved 1069056K
  class space    used 2414K, capacity 2514K, committed 2560K, reserved 1048576K
}
Event: 14.166 GC heap before
{Heap before GC invocations=24 (full 0):
 def new generation   total 7424K, used 7145K [0x00000000e8c00000, 0x00000000e9400000, 0x00000000f0800000)
  eden space 6656K, 100% used [0x00000000e8c00000, 0x00000000e9280000, 0x00000000e9280000)
  from space 768K,  63% used [0x00000000e9280000, 0x00000000e92fa678, 0x00000000e9340000)
  to   space 768K,   0% used [0x00000000e9340000, 0x00000000e9340000, 0x00000000e9400000)
 tenured generation   total 16384K, used 7865K [0x00000000f0800000, 0x00000000f1800000, 0x0000000100000000)
   the space 16384K,  48% used [0x00000000f0800000, 0x00000000f0fae4a8, 0x00000000f0fae600, 0x00000000f1800000)
 Metaspace       used 20705K, capacity 20992K, committed 21248K, reserved 1069056K
  class space    used 2416K, capacity 2514K, committed 2560K, reserved 1048576K
Event: 14.168 GC heap after
Heap after GC invocations=25 (full 0):
 def new generation   total 7424K, used 442K [0x00000000e8c00000, 0x00000000e9400000, 0x00000000f0800000)
  eden space 6656K,   0% used [0x00000000e8c00000, 0x00000000e8c00000, 0x00000000e9280000)
  from space 768K,  57% used [0x00000000e9340000, 0x00000000e93aea98, 0x00000000e9400000)
  to   space 768K,   0% used [0x00000000e9280000, 0x00000000e9280000, 0x00000000e9340000)
 tenured generation   total 16384K, used 7989K [0x00000000f0800000, 0x00000000f1800000, 0x0000000100000000)
   the space 16384K,  48% used [0x00000000f0800000, 0x00000000f0fcd4f0, 0x00000000f0fcd600, 0x00000000f1800000)
 Metaspace       used 20705K, capacity 20992K, committed 21248K, reserved 1069056K
  class space    used 2416K, capacity 2514K, committed 2560K, reserved 1048576K
}
Event: 14.291 GC heap before
{Heap before GC invocations=25 (full 0):
 def new generation   total 7424K, used 5664K [0x00000000e8c00000, 0x00000000e9400000, 0x00000000f0800000)
  eden space 6656K,  78% used [0x00000000e8c00000, 0x00000000e9119760, 0x00000000e9280000)
  from space 768K,  57% used [0x00000000e9340000, 0x00000000e93aea98, 0x00000000e9400000)
  to   space 768K,   0% used [0x00000000e9280000, 0x00000000e9280000, 0x00000000e9340000)
 tenured generation   total 16384K, used 7989K [0x00000000f0800000, 0x00000000f1800000, 0x0000000100000000)
   the space 16384K,  48% used [0x00000000f0800000, 0x00000000f0fcd4f0, 0x00000000f0fcd600, 0x00000000f1800000)
 Metaspace       used 20893K, capacity 21120K, committed 21248K, reserved 1069056K
  class space    used 2440K, capacity 2514K, committed 2560K, reserved 1048576K
Event: 14.352 GC heap after
Heap after GC invocations=26 (full 1):
 def new generation   total 7488K, used 0K [0x00000000e8c00000, 0x00000000e9410000, 0x00000000f0800000)
  eden space 6720K,   0% used [0x00000000e8c00000, 0x00000000e8c00000, 0x00000000e9290000)
  from space 768K,   0% used [0x00000000e9290000, 0x00000000e9290000, 0x00000000e9350000)
  to   space 768K,   0% used [0x00000000e9350000, 0x00000000e9350000, 0x00000000e9410000)
 tenured generation   total 16384K, used 7162K [0x00000000f0800000, 0x00000000f1800000, 0x0000000100000000)
   the space 16384K,  43% used [0x00000000f0800000, 0x00000000f0efe988, 0x00000000f0efea00, 0x00000000f1800000)
 Metaspace       used 20893K, capacity 21120K, committed 21248K, reserved 1069056K
  class space    used 2440K, capacity 2514K, committed 2560K, reserved 1048576K
}
Event: 15.144 GC heap before
{Heap before GC invocations=26 (full 1):
 def new generation   total 7488K, used 6720K [0x00000000e8c00000, 0x00000000e9410000, 0x00000000f0800000)
  eden space 6720K, 100% used [0x00000000e8c00000, 0x00000000e9290000, 0x00000000e9290000)
  from space 768K,   0% used [0x00000000e9290000, 0x00000000e9290000, 0x00000000e9350000)
  to   space 768K,   0% used [0x00000000e9350000, 0x00000000e9350000, 0x00000000e9410000)
 tenured generation   total 16384K, used 7162K [0x00000000f0800000, 0x00000000f1800000, 0x0000000100000000)
   the space 16384K,  43% used [0x00000000f0800000, 0x00000000f0efe988, 0x00000000f0efea00, 0x00000000f1800000)
 Metaspace       used 21194K, capacity 21408K, committed 21504K, reserved 1069056K
  class space    used 2480K, capacity 2546K, committed 2560K, reserved 1048576K
Event: 15.146 GC heap after
Heap after GC invocations=27 (full 1):
 def new generation   total 7488K, used 436K [0x00000000e8c00000, 0x00000000e9410000, 0x00000000f0800000)
  eden space 6720K,   0% used [0x00000000e8c00000, 0x00000000e8c00000, 0x00000000e9290000)
  from space 768K,  56% used [0x00000000e9350000, 0x00000000e93bd160, 0x00000000e9410000)
  to   space 768K,   0% used [0x00000000e9290000, 0x00000000e9290000, 0x00000000e9350000)
 tenured generation   total 16384K, used 7162K [0x00000000f0800000, 0x00000000f1800000, 0x0000000100000000)
   the space 16384K,  43% used [0x00000000f0800000, 0x00000000f0efe988, 0x00000000f0efea00, 0x00000000f1800000)
 Metaspace       used 21194K, capacity 21408K, committed 21504K, reserved 1069056K
  class space    used 2480K, capacity 2546K, committed 2560K, reserved 1048576K
}
Event: 15.478 GC heap before
{Heap before GC invocations=27 (full 1):
 def new generation   total 7488K, used 4732K [0x00000000e8c00000, 0x00000000e9410000, 0x00000000f0800000)
  eden space 6720K,  63% used [0x00000000e8c00000, 0x00000000e9032208, 0x00000000e9290000)
  from space 768K,  56% used [0x00000000e9350000, 0x00000000e93bd160, 0x00000000e9410000)
  to   space 768K,   0% used [0x00000000e9290000, 0x00000000e9290000, 0x00000000e9350000)
 tenured generation   total 16384K, used 7162K [0x00000000f0800000, 0x00000000f1800000, 0x0000000100000000)
   the space 16384K,  43% used [0x00000000f0800000, 0x00000000f0efe988, 0x00000000f0efea00, 0x00000000f1800000)
 Metaspace       used 21570K, capacity 21760K, committed 22144K, reserved 1069056K
  class space    used 2530K, capacity 2578K, committed 2688K, reserved 1048576K
Event: 15.500 GC heap after
Heap after GC invocations=28 (full 2):
 def new generation   total 7488K, used 0K [0x00000000e8c00000, 0x00000000e9410000, 0x00000000f0800000)
  eden space 6720K,   0% used [0x00000000e8c00000, 0x00000000e8c00000, 0x00000000e9290000)
  from space 768K,   0% used [0x00000000e9290000, 0x00000000e9290000, 0x00000000e9350000)
  to   space 768K,   0% used [0x00000000e9350000, 0x00000000e9350000, 0x00000000e9410000)
 tenured generation   total 16384K, used 5744K [0x00000000f0800000, 0x00000000f1800000, 0x0000000100000000)
   the space 16384K,  35% used [0x00000000f0800000, 0x00000000f0d9c218, 0x00000000f0d9c400, 0x00000000f1800000)
 Metaspace       used 21570K, capacity 21760K, committed 22144K, reserved 1069056K
  class space    used 2530K, capacity 2578K, committed 2688K, reserved 1048576K
}

