# JRE version: Java(TM) SE Runtime Environment (8.0_111-b14) (build 1.8.0_111-b14)
# Java VM: Java HotSpot(TM) 64-Bit Server VM (25.111-b14 mixed mode linux-amd64 compressed oops)
Heap:
 def new generation   total 7488K, used 0K [0x00000000e8c00000, 0x00000000e9410000, 0x00000000f0800000)
  eden space 6720K,   0% used [0x00000000e8c00000, 0x00000000e8c00000, 0x00000000e9290000)
  from space 768K,   0% used [0x00000000e9290000, 0x00000000e9290000, 0x00000000e9350000)
  to   space 768K,   0% used [0x00000000e9350000, 0x00000000e9350000, 0x00000000e9410000)
 tenured generation   total 16384K, used 5749K [0x00000000f0800000, 0x00000000f1800000, 0x0000000100000000)
   the space 16384K,  35% used [0x00000000f0800000, 0x00000000f0d9d688, 0x00000000f0d9d800, 0x00000000f1800000)
 Metaspace       used 21578K, capacity 21756K, committed 22144K, reserved 1069056K
  class space    used 2527K, capacity 2578K, committed 2688K, reserved 1048576K
GC Heap History (10 events):
Event: 15.068 GC heap before
{Heap before GC invocations=23 (full 0):
 def new generation   total 7424K, used 7411K [0x00000000e8c00000, 0x00000000e9400000, 0x00000000f0800000)
  eden space 6656K, 100% used [0x00000000e8c00000, 0x00000000e9280000, 0x00000000e9280000)
  from space 768K,  98% used [0x00000000e9340000, 0x00000000e93fce00, 0x00000000e9400000)
  to   space 768K,   0% used [0x00000000e9280000, 0x00000000e9280000, 0x00000000e9340000)
 tenured generation   total 16384K, used 7790K [0x00000000f0800000, 0x00000000f1800000, 0x0000000100000000)
   the space 16384K,  47% used [0x00000000f0800000, 0x00000000f0f9ba08, 0x00000000f0f9bc00, 0x00000000f1800000)
 Metaspace       used 20719K, capacity 20988K, committed 21248K, reserved 1069056K
  class space    used 2418K, capacity 2514K, committed 2560K, reserved 1048576K
Event: 15.071 GC heap after
Heap after GC invocations=24 (full 0):
 def new generation   total 7424K, used 490K [0x00000000e8c00000, 0x00000000e9400000, 0x00000000f0800000)
  eden space 6656K,   0% used [0x00000000e8c00000, 0x00000000e8c00000, 0x00000000e9280000)
  from space 768K,  63% used [0x00000000e9280000, 0x00000000e92fabf8, 0x00000000e9340000)
  to   space 768K,   0% used [0x00000000e9340000, 0x00000000e9340000, 0x00000000e9400000)
 tenured generation   total 16384K, used 7900K [0x00000000f0800000, 0x00000000f1800000, 0x0000000100000000)
   the space 16384K,  48% used [0x00000000f0800000, 0x00000000f0fb71f8, 0x00000000f0fb7200, 0x00000000f1800000)
 Metaspace       used 20719K, capacity 20988K, committed 21248K, reserved 1069056K
  class space    used 2418K, capacity 2514K, committed 2560K, reserved 1048576K
}
Event: 15.151 GC heap before
{Heap before GC invocations=24 (full 0):
 def new generation   total 7424K, used 7146K [0x00000000e8c00000, 0x00000000e9400000, 0x00000000f0800000)
  eden space 6656K, 100% used [0x00000000e8c00000, 0x00000000e9280000, 0x00000000e9280000)
  from space 768K,  63% used [0x00000000e9280000, 0x00000000e92fabf8, 0x00000000e9340000)
  to   space 768K,   0% used [0x00000000e9340000, 0x00000000e9340000, 0x00000000e9400000)
 tenured generation   total 16384K, used 7900K [0x00000000f0800000, 0x00000000f1800000, 0x0000000100000000)
   the space 16384K,  48% used [0x00000000f0800000, 0x00000000f0fb71f8, 0x00000000f0fb7200, 0x00000000f1800000)
 Metaspace       used 20747K, capacity 20988K, committed 21248K, reserved 1069056K
  class space    used 2419K, capacity 2514K, committed 2560K, reserved 1048576K
Event: 15.153 GC heap after
Heap after GC invocations=25 (full 0):
 def new generation   total 7424K, used 520K [0x00000000e8c00000, 0x00000000e9400000, 0x00000000f0800000)
  eden space 6656K,   0% used [0x00000000e8c00000, 0x00000000e8c00000, 0x00000000e9280000)
  from space 768K,  67% used [0x00000000e9340000, 0x00000000e93c21a8, 0x00000000e9400000)
  to   space 768K,   0% used [0x00000000e9280000, 0x00000000e9280000, 0x00000000e9340000)
 tenured generation   total 16384K, used 8021K [0x00000000f0800000, 0x00000000f1800000, 0x0000000100000000)
   the space 16384K,  48% used [0x00000000f0800000, 0x00000000f0fd5518, 0x00000000f0fd5600, 0x00000000f1800000)
 Metaspace       used 20747K, capacity 20988K, committed 21248K, reserved 1069056K
  class space    used 2419K, capacity 2514K, committed 2560K, reserved 1048576K
}
Event: 15.324 GC heap before
{Heap before GC invocations=25 (full 0):
 def new generation   total 7424K, used 5381K [0x00000000e8c00000, 0x00000000e9400000, 0x00000000f0800000)
  eden space 6656K,  73% used [0x00000000e8c00000, 0x00000000e90bf500, 0x00000000e9280000)
  from space 768K,  67% used [0x00000000e9340000, 0x00000000e93c21a8, 0x00000000e9400000)
  to   space 768K,   0% used [0x00000000e9280000, 0x00000000e9280000, 0x00000000e9340000)
 tenured generation   total 16384K, used 8021K [0x00000000f0800000, 0x00000000f1800000, 0x0000000100000000)
   the space 16384K,  48% used [0x00000000f0800000, 0x00000000f0fd5518, 0x00000000f0fd5600, 0x00000000f1800000)
 Metaspace       used 20891K, capacity 21116K, committed 21248K, reserved 1069056K
  class space    used 2439K, capacity 2514K, committed 2560K, reserved 1048576K
Event: 15.362 GC heap after
Heap after GC invocations=26 (full 1):
 def new generation   total 7488K, used 0K [0x00000000e8c00000, 0x00000000e9410000, 0x00000000f0800000)
  eden space 6720K,   0% used [0x00000000e8c00000, 0x00000000e8c00000, 0x00000000e9290000)
  from space 768K,   0% used [0x00000000e9290000, 0x00000000e9290000, 0x00000000e9350000)
  to   space 768K,   0% used [0x00000000e9350000, 0x00000000e9350000, 0x00000000e9410000)
 tenured generation   total 16384K, used 7073K [0x00000000f0800000, 0x00000000f1800000, 0x0000000100000000)
   the space 16384K,  43% used [0x00000000f0800000, 0x00000000f0ee8700, 0x00000000f0ee8800, 0x00000000f1800000)
 Metaspace       used 20891K, capacity 21116K, committed 21248K, reserved 1069056K
  class space    used 2439K, capacity 2514K, committed 2560K, reserved 1048576K
}
Event: 15.623 GC heap before
{Heap before GC invocations=26 (full 1):
 def new generation   total 7488K, used 6720K [0x00000000e8c00000, 0x00000000e9410000, 0x00000000f0800000)
  eden space 6720K, 100% used [0x00000000e8c00000, 0x00000000e9290000, 0x00000000e9290000)
  from space 768K,   0% used [0x00000000e9290000, 0x00000000e9290000, 0x00000000e9350000)
  to   space 768K,   0% used [0x00000000e9350000, 0x00000000e9350000, 0x00000000e9410000)
 tenured generation   total 16384K, used 7073K [0x00000000f0800000, 0x00000000f1800000, 0x0000000100000000)
   the space 16384K,  43% used [0x00000000f0800000, 0x00000000f0ee8700, 0x00000000f0ee8800, 0x00000000f1800000)
 Metaspace       used 21204K, capacity 21404K, committed 21504K, reserved 1069056K
  class space    used 2480K, capacity 2546K, committed 2560K, reserved 1048576K
Event: 15.625 GC heap after
Heap after GC invocations=27 (full 1):
 def new generation   total 7488K, used 454K [0x00000000e8c00000, 0x00000000e9410000, 0x00000000f0800000)
  eden space 6720K,   0% used [0x00000000e8c00000, 0x00000000e8c00000, 0x00000000e9290000)
  from space 768K,  59% used [0x00000000e9350000, 0x00000000e93c19e8, 0x00000000e9410000)
  to   space 768K,   0% used [0x00000000e9290000, 0x00000000e9290000, 0x00000000e9350000)
 tenured generation   total 16384K, used 7073K [0x00000000f0800000, 0x00000000f1800000, 0x0000000100000000)
   the space 16384K,  43% used [0x00000000f0800000, 0x00000000f0ee8700, 0x00000000f0ee8800, 0x00000000f1800000)
 Metaspace       used 21204K, capacity 21404K, committed 21504K, reserved 1069056K
  class space    used 2480K, capacity 2546K, committed 2560K, reserved 1048576K
}
Event: 15.827 GC heap before
{Heap before GC invocations=27 (full 1):
 def new generation   total 7488K, used 4778K [0x00000000e8c00000, 0x00000000e9410000, 0x00000000f0800000)
  eden space 6720K,  64% used [0x00000000e8c00000, 0x00000000e9039028, 0x00000000e9290000)
  from space 768K,  59% used [0x00000000e9350000, 0x00000000e93c19e8, 0x00000000e9410000)
  to   space 768K,   0% used [0x00000000e9290000, 0x00000000e9290000, 0x00000000e9350000)
 tenured generation   total 16384K, used 7073K [0x00000000f0800000, 0x00000000f1800000, 0x0000000100000000)
   the space 16384K,  43% used [0x00000000f0800000, 0x00000000f0ee8700, 0x00000000f0ee8800, 0x00000000f1800000)
 Metaspace       used 21578K, capacity 21756K, committed 22144K, reserved 1069056K
  class space    used 2527K, capacity 2578K, committed 2688K, reserved 1048576K
Event: 15.853 GC heap after
Heap after GC invocations=28 (full 2):
 def new generation   total 7488K, used 0K [0x00000000e8c00000, 0x00000000e9410000, 0x00000000f0800000)
  eden space 6720K,   0% used [0x00000000e8c00000, 0x00000000e8c00000, 0x00000000e9290000)
  from space 768K,   0% used [0x00000000e9290000, 0x00000000e9290000, 0x00000000e9350000)
  to   space 768K,   0% used [0x00000000e9350000, 0x00000000e9350000, 0x00000000e9410000)
 tenured generation   total 16384K, used 5749K [0x00000000f0800000, 0x00000000f1800000, 0x0000000100000000)
   the space 16384K,  35% used [0x00000000f0800000, 0x00000000f0d9d688, 0x00000000f0d9d800, 0x00000000f1800000)
 Metaspace       used 21578K, capacity 21756K, committed 22144K, reserved 1069056K
  class space    used 2527K, capacity 2578K, committed 2688K, reserved 1048576K
}

