# JRE version: Java(TM) SE Runtime Environment (8.0_111-b14) (build 1.8.0_111-b14)
# Java VM: Java HotSpot(TM) 64-Bit Server VM (25.111-b14 mixed mode linux-amd64 compressed oops)
Heap:
 def new generation   total 7488K, used 0K [0x00000000e8c00000, 0x00000000e9410000, 0x00000000f0800000)
  eden space 6720K,   0% used [0x00000000e8c00000, 0x00000000e8c00000, 0x00000000e9290000)
  from space 768K,   0% used [0x00000000e9290000, 0x00000000e9290000, 0x00000000e9350000)
  to   space 768K,   0% used [0x00000000e9350000, 0x00000000e9350000, 0x00000000e9410000)
 tenured generation   total 16384K, used 5690K [0x00000000f0800000, 0x00000000f1800000, 0x0000000100000000)
   the space 16384K,  34% used [0x00000000f0800000, 0x00000000f0d8ea48, 0x00000000f0d8ec00, 0x00000000f1800000)
 Metaspace       used 21554K, capacity 21760K, committed 22144K, reserved 1069056K
  class space    used 2529K, capacity 2578K, committed 2688K, reserved 1048576K
GC Heap History (10 events):
Event: 8.310 GC heap before
{Heap before GC invocations=23 (full 0):
 def new generation   total 7424K, used 7289K [0x00000000e8c00000, 0x00000000e9400000, 0x00000000f0800000)
  eden space 6656K, 100% used [0x00000000e8c00000, 0x00000000e9280000, 0x00000000e9280000)
  from space 768K,  82% used [0x00000000e9340000, 0x00000000e93de658, 0x00000000e9400000)
  to   space 768K,   0% used [0x00000000e9280000, 0x00000000e9280000, 0x00000000e9340000)
 tenured generation   total 16384K, used 7707K [0x00000000f0800000, 0x00000000f1800000, 0x0000000100000000)
   the space 16384K,  47% used [0x00000000f0800000, 0x00000000f0f86ff0, 0x00000000f0f87000, 0x00000000f1800000)
 Metaspace       used 20685K, capacity 20928K, committed 21248K, reserved 1069056K
  class space    used 2417K, capacity 2514K, committed 2560K, reserved 1048576K
Event: 8.313 GC heap after
Heap after GC invocations=24 (full 0):
 def new generation   total 7424K, used 488K [0x00000000e8c00000, 0x00000000e9400000, 0x00000000f0800000)
  eden space 6656K,   0% used [0x00000000e8c00000, 0x00000000e8c00000, 0x00000000e9280000)
  from space 768K,  63% used [0x00000000e9280000, 0x00000000e92fa0d8, 0x00000000e9340000)
  to   space 768K,   0% used [0x00000000e9340000, 0x00000000e9340000, 0x00000000e9400000)
 tenured generation   total 16384K, used 7818K [0x00000000f0800000, 0x00000000f1800000, 0x0000000100000000)
   the space 16384K,  47% used [0x00000000f0800000, 0x00000000f0fa2a40, 0x00000000f0fa2c00, 0x00000000f1800000)
 Metaspace       used 20685K, capacity 20928K, committed 21248K, reserved 1069056K
  class space    used 2417K, capacity 2514K, committed 2560K, reserved 1048576K
}
Event: 8.364 GC heap before
{Heap before GC invocations=24 (full 0):
 def new generation   total 7424K, used 7144K [0x00000000e8c00000, 0x00000000e9400000, 0x00000000f0800000)
  eden space 6656K, 100% used [0x00000000e8c00000, 0x00000000e9280000, 0x00000000e9280000)
  from space 768K,  63% used [0x00000000e9280000, 0x00000000e92fa0d8, 0x00000000e9340000)
  to   space 768K,   0% used [0x00000000e9340000, 0x00000000e9340000, 0x00000000e9400000)
 tenured generation   total 16384K, used 7818K [0x00000000f0800000, 0x00000000f1800000, 0x0000000100000000)
   the space 16384K,  47% used [0x00000000f0800000, 0x00000000f0fa2a40, 0x00000000f0fa2c00, 0x00000000f1800000)
 Metaspace       used 20722K, capacity 20992K, committed 21248K, reserved 1069056K
  class space    used 2420K, capacity 2514K, committed 2560K, reserved 1048576K
Event: 8.366 GC heap after
Heap after GC invocations=25 (full 0):
 def new generation   total 7424K, used 301K [0x00000000e8c00000, 0x00000000e9400000, 0x00000000f0800000)
  eden space 6656K,   0% used [0x00000000e8c00000, 0x00000000e8c00000, 0x00000000e9280000)
  from space 768K,  39% used [0x00000000e9340000, 0x00000000e938b7d8, 0x00000000e9400000)
  to   space 768K,   0% used [0x00000000e9280000, 0x00000000e9280000, 0x00000000e9340000)
 tenured generation   total 16384K, used 7942K [0x00000000f0800000, 0x00000000f1800000, 0x0000000100000000)
   the space 16384K,  48% used [0x00000000f0800000, 0x00000000f0fc1910, 0x00000000f0fc1a00, 0x00000000f1800000)
 Metaspace       used 20722K, capacity 20992K, committed 21248K, reserved 1069056K
  class space    used 2420K, capacity 2514K, committed 2560K, reserved 1048576K
}
Event: 8.642 GC heap before
{Heap before GC invocations=25 (full 0):
 def new generation   total 7424K, used 6252K [0x00000000e8c00000, 0x00000000e9400000, 0x00000000f0800000)
  eden space 6656K,  89% used [0x00000000e8c00000, 0x00000000e91cfbc8, 0x00000000e9280000)
  from space 768K,  39% used [0x00000000e9340000, 0x00000000e938b7d8, 0x00000000e9400000)
  to   space 768K,   0% used [0x00000000e9280000, 0x00000000e9280000, 0x00000000e9340000)
 tenured generation   total 16384K, used 7942K [0x00000000f0800000, 0x00000000f1800000, 0x0000000100000000)
   the space 16384K,  48% used [0x00000000f0800000, 0x00000000f0fc1910, 0x00000000f0fc1a00, 0x00000000f1800000)
 Metaspace       used 20958K, capacity 21152K, committed 21248K, reserved 1069056K
  class space    used 2451K, capacity 2546K, committed 2560K, reserved 1048576K
Event: 8.729 GC heap after
Heap after GC invocations=26 (full 1):
 def new generation   total 7488K, used 0K [0x00000000e8c00000, 0x00000000e9410000, 0x00000000f0800000)
  eden space 6720K,   0% used [0x00000000e8c00000, 0x00000000e8c00000, 0x00000000e9290000)
  from space 768K,   0% used [0x00000000e9290000, 0x00000000e9290000, 0x00000000e9350000)
  to   space 768K,   0% used [0x00000000e9350000, 0x00000000e9350000, 0x00000000e9410000)
 tenured generation   total 16384K, used 7183K [0x00000000f0800000, 0x00000000f1800000, 0x0000000100000000)
   the space 16384K,  43% used [0x00000000f0800000, 0x00000000f0f03cc8, 0x00000000f0f03e00, 0x00000000f1800000)
 Metaspace       used 20958K, capacity 21152K, committed 21248K, reserved 1069056K
  class space    used 2451K, capacity 2546K, committed 2560K, reserved 1048576K
}
Event: 8.832 GC heap before
{Heap before GC invocations=26 (full 1):
 def new generation   total 7488K, used 6720K [0x00000000e8c00000, 0x00000000e9410000, 0x00000000f0800000)
  eden space 6720K, 100% used [0x00000000e8c00000, 0x00000000e9290000, 0x00000000e9290000)
  from space 768K,   0% used [0x00000000e9290000, 0x00000000e9290000, 0x00000000e9350000)
  to   space 768K,   0% used [0x00000000e9350000, 0x00000000e9350000, 0x00000000e9410000)
 tenured generation   total 16384K, used 7183K [0x00000000f0800000, 0x00000000f1800000, 0x0000000100000000)
   the space 16384K,  43% used [0x00000000f0800000, 0x00000000f0f03cc8, 0x00000000f0f03e00, 0x00000000f1800000)
 Metaspace       used 21285K, capacity 21568K, committed 21888K, reserved 1069056K
  class space    used 2495K, capacity 2578K, committed 2688K, reserved 1048576K
Event: 8.834 GC heap after
Heap after GC invocations=27 (full 1):
 def new generation   total 7488K, used 427K [0x00000000e8c00000, 0x00000000e9410000, 0x00000000f0800000)
  eden space 6720K,   0% used [0x00000000e8c00000, 0x00000000e8c00000, 0x00000000e9290000)
  from space 768K,  55% used [0x00000000e9350000, 0x00000000e93baf18, 0x00000000e9410000)
  to   space 768K,   0% used [0x00000000e9290000, 0x00000000e9290000, 0x00000000e9350000)
 tenured generation   total 16384K, used 7183K [0x00000000f0800000, 0x00000000f1800000, 0x0000000100000000)
   the space 16384K,  43% used [0x00000000f0800000, 0x00000000f0f03cc8, 0x00000000f0f03e00, 0x00000000f1800000)
 Metaspace       used 21285K, capacity 21568K, committed 21888K, reserved 1069056K
  class space    used 2495K, capacity 2578K, committed 2688K, reserved 1048576K
}
Event: 9.023 GC heap before
{Heap before GC invocations=27 (full 1):
 def new generation   total 7488K, used 3973K [0x00000000e8c00000, 0x00000000e9410000, 0x00000000f0800000)
  eden space 6720K,  52% used [0x00000000e8c00000, 0x00000000e8f765e0, 0x00000000e9290000)
  from space 768K,  55% used [0x00000000e9350000, 0x00000000e93baf18, 0x00000000e9410000)
  to   space 768K,   0% used [0x00000000e9290000, 0x00000000e9290000, 0x00000000e9350000)
 tenured generation   total 16384K, used 7183K [0x00000000f0800000, 0x00000000f1800000, 0x0000000100000000)
   the space 16384K,  43% used [0x00000000f0800000, 0x00000000f0f03cc8, 0x00000000f0f03e00, 0x00000000f1800000)
 Metaspace       used 21554K, capacity 21760K, committed 22144K, reserved 1069056K
  class space    used 2529K, capacity 2578K, committed 2688K, reserved 1048576K
Event: 9.050 GC heap after
Heap after GC invocations=28 (full 2):
 def new generation   total 7488K, used 0K [0x00000000e8c00000, 0x00000000e9410000, 0x00000000f0800000)
  eden space 6720K,   0% used [0x00000000e8c00000, 0x00000000e8c00000, 0x00000000e9290000)
  from space 768K,   0% used [0x00000000e9290000, 0x00000000e9290000, 0x00000000e9350000)
  to   space 768K,   0% used [0x00000000e9350000, 0x00000000e9350000, 0x00000000e9410000)
 tenured generation   total 16384K, used 5690K [0x00000000f0800000, 0x00000000f1800000, 0x0000000100000000)
   the space 16384K,  34% used [0x00000000f0800000, 0x00000000f0d8ea48, 0x00000000f0d8ec00, 0x00000000f1800000)
 Metaspace       used 21554K, capacity 21760K, committed 22144K, reserved 1069056K
  class space    used 2529K, capacity 2578K, committed 2688K, reserved 1048576K
}

